<?xml version="1.0" encoding="UTF-8"?>
<testng-results ignored="0" total="2" passed="2" failed="0" skipped="0">
  <reporter-output>
  </reporter-output>
  <suite started-at="2023-03-07T15:02:57 GMT" name="Default suite" finished-at="2023-03-07T15:03:08 GMT" duration-ms="11236">
    <groups>
    </groups>
    <test started-at="2023-03-07T15:02:57 GMT" name="Default test" finished-at="2023-03-07T15:03:08 GMT" duration-ms="11236">
      <class name="ParentGorup.ExtendReport.ExtendReportDemo">
        <test-method is-config="true" signature="config()[pri:0, instance:ParentGorup.ExtendReport.ExtendReportDemo@5e600dd5]" started-at="2023-03-07T15:02:57 GMT" name="config" finished-at="2023-03-07T15:02:57 GMT" duration-ms="260" status="PASS">
          <reporter-output>
          </reporter-output>
        </test-method> <!-- config -->
        <test-method signature="initialDemo()[pri:0, instance:ParentGorup.ExtendReport.ExtendReportDemo@5e600dd5]" started-at="2023-03-07T15:02:57 GMT" name="initialDemo" finished-at="2023-03-07T15:03:04 GMT" duration-ms="6606" status="PASS">
          <reporter-output>
          </reporter-output>
        </test-method> <!-- initialDemo -->
        <test-method signature="initialDemo1()[pri:0, instance:ParentGorup.ExtendReport.ExtendReportDemo@5e600dd5]" started-at="2023-03-07T15:03:04 GMT" name="initialDemo1" finished-at="2023-03-07T15:03:08 GMT" duration-ms="4323" status="PASS">
          <reporter-output>
          </reporter-output>
        </test-method> <!-- initialDemo1 -->
      </class> <!-- ParentGorup.ExtendReport.ExtendReportDemo -->
    </test> <!-- Default test -->
  </suite> <!-- Default suite -->
</testng-results>
